生成启动时间为 2016/7/11 18:52:27。
     1>项目“C:\Users\feng\Desktop\test\opengl\opengl.vcxproj”在节点 2 上(Build 个目标)。
     1>ClCompile:
         D:\Program Files (x86)\Microsoft Visual Studio 11.0\VC\bin\CL.exe /c /IC:\Users\feng\Desktop\test\include /IC:\Users\feng\Desktop\test\opengl\src\header /ZI /nologo /W3 /WX- /Od /Oy- /D WIN32 /D _DEBUG /D _CONSOLE /D _UNICODE /D UNICODE /Gm /EHsc /RTC1 /MDd /GS /fp:precise /Zc:wchar_t /Zc:forScope /Fo"Debug\\" /Fd"Debug\vc110.pdb" /Gd /TP /analyze- /errorReport:prompt src\cpp\ShZcylinder.cpp
         ShZcylinder.cpp
       Link:
         D:\Program Files (x86)\Microsoft Visual Studio 11.0\VC\bin\link.exe /ERRORREPORT:PROMPT /OUT:"C:\Users\feng\Desktop\test\bin\Debug\opengl.exe" /INCREMENTAL /NOLOGO /LIBPATH:C:\Users\feng\Desktop\test\lib glut32.lib glew32.lib kernel32.lib user32.lib gdi32.lib winspool.lib comdlg32.lib advapi32.lib shell32.lib ole32.lib oleaut32.lib uuid.lib odbc32.lib odbccp32.lib kernel32.lib user32.lib gdi32.lib winspool.lib comdlg32.lib advapi32.lib shell32.lib ole32.lib oleaut32.lib uuid.lib odbc32.lib odbccp32.lib /MANIFEST /MANIFESTUAC:"level='asInvoker' uiAccess='false'" /manifest:embed /DEBUG /PDB:"C:\Users\feng\Desktop\test\bin\Debug\opengl.pdb" /SUBSYSTEM:CONSOLE /TLBID:1 /DYNAMICBASE /NXCOMPAT /IMPLIB:"C:\Users\feng\Desktop\test\bin\Debug\opengl.lib" /MACHINE:X86 Debug\ShZanimationManager.obj
         Debug\ShZclearManager.obj
         Debug\ShZcylinder.obj
         Debug\ShZdrawManager.obj
         Debug\ShZshapeManager.obj
         Debug\demo.obj
         Debug\ShZcube.obj
         Debug\ShZMat4.obj
         Debug\ShZshader.obj
         Debug\ShZtimeManager.obj
         opengl.vcxproj -> C:\Users\feng\Desktop\test\bin\Debug\opengl.exe
       PostBuildEvent:
         copy "C:\Users\feng\Desktop\test\lib\*.dll" "C:\Users\feng\Desktop\test\bin\Debug\"
         :VCEnd
         C:\Users\feng\Desktop\test\lib\glew32.dll
         C:\Users\feng\Desktop\test\lib\glut32.dll
         已复制         2 个文件。
     1>已完成生成项目“C:\Users\feng\Desktop\test\opengl\opengl.vcxproj”(Build 个目标)的操作。

生成成功。

已用时间 00:00:00.80
