C:\USERS\FENG\DESKTOP\TEST\OPENGL\DEBUG\SHZANIMATIONMANAGER.OBJ
C:\USERS\FENG\DESKTOP\TEST\OPENGL\DEBUG\SHZCLEARMANAGER.OBJ
C:\USERS\FENG\DESKTOP\TEST\OPENGL\DEBUG\SHZCYLINDER.OBJ
C:\USERS\FENG\DESKTOP\TEST\OPENGL\DEBUG\SHZDRAWMANAGER.OBJ
C:\USERS\FENG\DESKTOP\TEST\OPENGL\DEBUG\SHZSHAPEMANAGER.OBJ
C:\USERS\FENG\DESKTOP\TEST\OPENGL\DEBUG\DEMO.OBJ
C:\USERS\FENG\DESKTOP\TEST\OPENGL\DEBUG\SHZCUBE.OBJ
C:\USERS\FENG\DESKTOP\TEST\OPENGL\DEBUG\SHZMAT4.OBJ
C:\USERS\FENG\DESKTOP\TEST\OPENGL\DEBUG\SHZSHADER.OBJ
C:\USERS\FENG\DESKTOP\TEST\OPENGL\DEBUG\SHZTIMEMANAGER.OBJ
C:\USERS\FENG\DESKTOP\TEST\OPENGL\DEBUG\VC110.PDB
C:\Users\feng\Desktop\test\opengl\Debug\demo.obj
C:\Users\feng\Desktop\test\opengl\Debug\ShZanimationManager.obj
C:\Users\feng\Desktop\test\opengl\Debug\ShZclearManager.obj
C:\Users\feng\Desktop\test\opengl\Debug\ShZcube.obj
C:\Users\feng\Desktop\test\opengl\Debug\ShZcylinder.obj
C:\Users\feng\Desktop\test\opengl\Debug\ShZdrawManager.obj
C:\Users\feng\Desktop\test\opengl\Debug\ShZMat4.obj
C:\Users\feng\Desktop\test\opengl\Debug\ShZshader.obj
C:\Users\feng\Desktop\test\opengl\Debug\ShZshapeManager.obj
C:\Users\feng\Desktop\test\opengl\Debug\ShZtimeManager.obj
C:\Users\feng\Desktop\test\opengl\Debug\cl.command.1.tlog
C:\Users\feng\Desktop\test\opengl\Debug\CL.read.1.tlog
C:\Users\feng\Desktop\test\opengl\Debug\CL.write.1.tlog
C:\Users\feng\Desktop\test\opengl\Debug\link-cvtres.read.1.tlog
C:\Users\feng\Desktop\test\opengl\Debug\link-cvtres.write.1.tlog
C:\Users\feng\Desktop\test\opengl\Debug\link-rc.read.1.tlog
C:\Users\feng\Desktop\test\opengl\Debug\link-rc.write.1.tlog
C:\Users\feng\Desktop\test\opengl\Debug\link.command.1.tlog
C:\Users\feng\Desktop\test\opengl\Debug\link.read.1.tlog
C:\Users\feng\Desktop\test\opengl\Debug\link.write.1.tlog
C:\Users\feng\Desktop\test\opengl\Debug\vc110.idb
C:\Users\feng\Desktop\test\opengl\Debug\vc110.pdb
C:\Users\feng\Desktop\test\bin\Debug\opengl.pdb
