G:\SELFOPENGL\EXAMPLE1\OPENGL\DEBUG\DEMO.OBJ
G:\SELFOPENGL\EXAMPLE1\OPENGL\DEBUG\VC110.PDB
G:\SELFOPENGL\EXAMPLE1\DEBUG\OPENGL.ILK
G:\SELFOPENGL\EXAMPLE1\DEBUG\OPENGL.EXE
G:\SELFOPENGL\EXAMPLE1\DEBUG\OPENGL.PDB
G:\selfopengl\example1\opengl\Debug\demo.obj
G:\selfopengl\example1\opengl\Debug\cl.command.1.tlog
G:\selfopengl\example1\opengl\Debug\CL.read.1.tlog
G:\selfopengl\example1\opengl\Debug\CL.write.1.tlog
G:\selfopengl\example1\opengl\Debug\link-cvtres.read.1.tlog
G:\selfopengl\example1\opengl\Debug\link-cvtres.write.1.tlog
G:\selfopengl\example1\opengl\Debug\link-rc.read.1.tlog
G:\selfopengl\example1\opengl\Debug\link-rc.write.1.tlog
G:\selfopengl\example1\opengl\Debug\link.command.1.tlog
G:\selfopengl\example1\opengl\Debug\link.read.1.tlog
G:\selfopengl\example1\opengl\Debug\link.write.1.tlog
G:\selfopengl\example1\opengl\Debug\vc110.idb
G:\selfopengl\example1\opengl\Debug\vc110.pdb
G:\selfopengl\example1\Debug\opengl.pdb
G:\selfopengl\example1\Debug\opengl.exe
G:\selfopengl\example1\Debug\opengl.ilk
