C:\USERS\FENG\DESKTOP\TEST\OPENGL\DEBUG\DEMO.OBJ
C:\USERS\FENG\DESKTOP\TEST\OPENGL\DEBUG\VC110.PDB
C:\USERS\FENG\DESKTOP\TEST\BIN\DEBUG\OPENGL.ILK
C:\USERS\FENG\DESKTOP\TEST\BIN\DEBUG\OPENGL.EXE
C:\USERS\FENG\DESKTOP\TEST\BIN\DEBUG\OPENGL.PDB
C:\Users\feng\Desktop\test\opengl\Debug\demo.obj
C:\Users\feng\Desktop\test\opengl\Debug\cl.command.1.tlog
C:\Users\feng\Desktop\test\opengl\Debug\CL.read.1.tlog
C:\Users\feng\Desktop\test\opengl\Debug\CL.write.1.tlog
C:\Users\feng\Desktop\test\opengl\Debug\link-cvtres.read.1.tlog
C:\Users\feng\Desktop\test\opengl\Debug\link-cvtres.write.1.tlog
C:\Users\feng\Desktop\test\opengl\Debug\link-rc.read.1.tlog
C:\Users\feng\Desktop\test\opengl\Debug\link-rc.write.1.tlog
C:\Users\feng\Desktop\test\opengl\Debug\link.command.1.tlog
C:\Users\feng\Desktop\test\opengl\Debug\link.read.1.tlog
C:\Users\feng\Desktop\test\opengl\Debug\link.write.1.tlog
C:\Users\feng\Desktop\test\opengl\Debug\vc110.idb
C:\Users\feng\Desktop\test\opengl\Debug\vc110.pdb
C:\Users\feng\Desktop\test\bin\Debug\opengl.pdb
C:\Users\feng\Desktop\test\bin\Debug\opengl.exe
C:\Users\feng\Desktop\test\bin\Debug\opengl.ilk
